[debug] [2024-03-01T09:54:54.460Z] ----------------------------------------------------------------------
[debug] [2024-03-01T09:54:54.462Z] Command:       C:\Program Files\nodejs\node.exe C:\Users\Centric\AppData\Roaming\npm\node_modules\firebase-tools\lib\bin\firebase.js init
[debug] [2024-03-01T09:54:54.462Z] CLI Version:   13.0.2
[debug] [2024-03-01T09:54:54.463Z] Platform:      win32
[debug] [2024-03-01T09:54:54.463Z] Node Version:  v18.18.0
[debug] [2024-03-01T09:54:54.463Z] Time:          Fri Mar 01 2024 14:54:54 GMT+0500 (Pakistan Standard Time)
[debug] [2024-03-01T09:54:54.464Z] ----------------------------------------------------------------------
[debug] 
[debug] [2024-03-01T09:54:54.535Z] > command requires scopes: ["email","openid","https://www.googleapis.com/auth/cloudplatformprojects.readonly","https://www.googleapis.com/auth/firebase","https://www.googleapis.com/auth/cloud-platform"]
[debug] [2024-03-01T09:54:54.535Z] > authorizing via signed-in user (shaheerahmed1942@gmail.com)
[info] 
     ######## #### ########  ######## ########     ###     ######  ########
     ##        ##  ##     ## ##       ##     ##  ##   ##  ##       ##
     ######    ##  ########  ######   ########  #########  ######  ######
     ##        ##  ##    ##  ##       ##     ## ##     ##       ## ##
     ##       #### ##     ## ######## ########  ##     ##  ######  ########

You're about to initialize a Firebase project in this directory:

  C:\Users\Centric\Documents\GitHub\pdf-master

Before we get started, keep in mind:

  * You are initializing within an existing Firebase project directory

[info] 
=== Project Setup
[info] 
[info] First, let's associate this project directory with a Firebase project.
[info] You can create multiple project aliases by running firebase use --add, 
[info] but for now we'll just set up a default project.
[info] 
[debug] [2024-03-01T11:17:27.245Z] Using project from CLI flag: pdf-master-f85e5
[debug] [2024-03-01T11:17:27.247Z] > refreshing access token with scopes: []
[debug] [2024-03-01T11:17:27.248Z] >>> [apiv2][query] POST https://www.googleapis.com/oauth2/v3/token [none]
[debug] [2024-03-01T11:17:27.249Z] >>> [apiv2][body] POST https://www.googleapis.com/oauth2/v3/token [omitted]
[debug] [2024-03-01T11:17:27.939Z] <<< [apiv2][status] POST https://www.googleapis.com/oauth2/v3/token 200
[debug] [2024-03-01T11:17:27.939Z] <<< [apiv2][body] POST https://www.googleapis.com/oauth2/v3/token [omitted]
[debug] [2024-03-01T11:17:27.953Z] >>> [apiv2][query] GET https://firebase.googleapis.com/v1beta1/projects/pdf-master-f85e5 [none]
[debug] [2024-03-01T11:17:28.591Z] <<< [apiv2][status] GET https://firebase.googleapis.com/v1beta1/projects/pdf-master-f85e5 200
[debug] [2024-03-01T11:17:28.591Z] <<< [apiv2][body] GET https://firebase.googleapis.com/v1beta1/projects/pdf-master-f85e5 {"projectId":"pdf-master-f85e5","projectNumber":"525661958777","displayName":"Pdf Master","name":"projects/pdf-master-f85e5","resources":{"hostingSite":"pdf-master-f85e5","realtimeDatabaseInstance":"pdf-master-f85e5-default-rtdb"},"state":"ACTIVE","etag":"1_0d62a756-762a-41f7-91da-d2533bcf5174"}
[info] i  Using project pdf-master-f85e5 (Pdf Master) 
[info] 
=== Hosting:github Setup
[info] 
[info] i  Detected a .git folder at C:\Users\Centric\Documents\GitHub\pdf-master 
[info] i  Authorizing with GitHub to upload your service account to a GitHub repository's secrets store. 
[info] 
[info] Visit this URL on this device to log in:
[info] https://github.com/login/oauth/authorize?client_id=89cf50f02ac6aaed3484&state=257981229&redirect_uri=http%3A%2F%2Flocalhost%3A9005&scope=read%3Auser%20repo%20public_repo
[info] 
[info] Waiting for authentication...
[debug] [2024-03-01T11:17:29.876Z] >>> [apiv2][query] POST https://github.com/login/oauth/access_token [none]
[debug] [2024-03-01T11:17:29.876Z] >>> [apiv2][body] POST https://github.com/login/oauth/access_token [stream]
[debug] [2024-03-01T11:17:30.474Z] <<< [apiv2][status] POST https://github.com/login/oauth/access_token 200
[debug] [2024-03-01T11:17:30.474Z] <<< [apiv2][body] POST https://github.com/login/oauth/access_token {"access_token":"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","token_type":"bearer","scope":"read:user,repo"}
[debug] [2024-03-01T11:17:30.484Z] >>> [apiv2][query] GET https://api.github.com/user [none]
[debug] [2024-03-01T11:17:31.174Z] <<< [apiv2][status] GET https://api.github.com/user 200
[debug] [2024-03-01T11:17:31.174Z] <<< [apiv2][body] GET https://api.github.com/user {"login":"dev1942","id":63443985,"node_id":"MDQ6VXNlcjYzNDQzOTg1","avatar_url":"https://avatars.githubusercontent.com/u/63443985?v=4","gravatar_id":"","url":"https://api.github.com/users/dev1942","html_url":"https://github.com/dev1942","followers_url":"https://api.github.com/users/dev1942/followers","following_url":"https://api.github.com/users/dev1942/following{/other_user}","gists_url":"https://api.github.com/users/dev1942/gists{/gist_id}","starred_url":"https://api.github.com/users/dev1942/starred{/owner}{/repo}","subscriptions_url":"https://api.github.com/users/dev1942/subscriptions","organizations_url":"https://api.github.com/users/dev1942/orgs","repos_url":"https://api.github.com/users/dev1942/repos","events_url":"https://api.github.com/users/dev1942/events{/privacy}","received_events_url":"https://api.github.com/users/dev1942/received_events","type":"User","site_admin":false,"name":"Shaheer Ahmed","company":"Centric Tech","blog":"","location":"Pakistan","email":null,"hireable":null,"bio":null,"twitter_username":null,"public_repos":15,"public_gists":10,"followers":2,"following":6,"created_at":"2020-04-10T07:08:50Z","updated_at":"2024-02-16T12:52:28Z","private_gists":3,"total_private_repos":7,"owned_private_repos":7,"disk_usage":58387,"collaborators":2,"two_factor_authentication":false,"plan":{"name":"pro","space":976562499,"collaborators":0,"private_repos":9999}}
[info] 
[info] +  Success! Logged into GitHub as dev1942 
[info] 
